{"error":{"kind":"ObjectId","message":"Cast to ObjectId failed for value \"null\" (type string) at path \"_id\" for model \"Book\"","name":"CastError","path":"_id","reason":{},"stringValue":"\"null\"","value":"null","valueType":"string"},"level":"error","message":"Error removing book","timestamp":"2024-02-04 21:04:12"}
{"error":{"kind":"ObjectId","message":"Cast to ObjectId failed for value \"null\" (type string) at path \"_id\" for model \"Book\"","name":"CastError","path":"_id","reason":{},"stringValue":"\"null\"","value":"null","valueType":"string"},"level":"error","message":"Error removing book","timestamp":"2024-02-04 21:04:18"}
{"error":{},"level":"error","message":"Error fetching books","timestamp":"2024-02-05 20:02:37"}
{"error":{},"level":"error","message":"Error fetching books","timestamp":"2024-02-05 20:02:40"}
{"error":{},"level":"error","message":"Error fetching books","timestamp":"2024-02-05 20:02:44"}
{"error":{},"level":"error","message":"Error fetching books","timestamp":"2024-02-05 20:02:44"}
{"error":{},"level":"error","message":"Error fetching books","timestamp":"2024-02-05 20:02:53"}
{"error":{},"level":"error","message":"Error fetching books","timestamp":"2024-02-05 20:03:03"}
{"error":{},"level":"error","message":"Error fetching books","timestamp":"2024-02-05 20:03:13"}
{"error":{},"level":"error","message":"Error fetching books","timestamp":"2024-02-05 20:03:13"}
{"error":{},"level":"error","message":"Error fetching books","timestamp":"2024-02-05 20:06:03"}
{"error":{"_message":"Book validation failed","errors":{"genre":{"kind":"required","message":"Path `genre` is required.","name":"ValidatorError","path":"genre","properties":{"message":"Path `genre` is required.","path":"genre","type":"required","value":""},"value":""}},"message":"Book validation failed: genre: Path `genre` is required.","name":"ValidationError"},"level":"error","message":"Error adding book","timestamp":"2024-02-05 22:13:54"}
{"error":{"_message":"Book validation failed","errors":{"genre":{"kind":"required","message":"Path `genre` is required.","name":"ValidatorError","path":"genre","properties":{"message":"Path `genre` is required.","path":"genre","type":"required","value":""},"value":""}},"message":"Book validation failed: genre: Path `genre` is required.","name":"ValidationError"},"level":"error","message":"Error adding book","timestamp":"2024-02-05 22:15:37"}
{"error":{"_message":"Book validation failed","errors":{"genre":{"kind":"required","message":"Path `genre` is required.","name":"ValidatorError","path":"genre","properties":{"message":"Path `genre` is required.","path":"genre","type":"required","value":""},"value":""}},"message":"Book validation failed: genre: Path `genre` is required.","name":"ValidationError"},"level":"error","message":"Error adding book","timestamp":"2024-02-05 22:15:39"}
{"error":{"_message":"Book validation failed","errors":{"genre":{"kind":"enum","message":"`x` is not a valid enum value for path `genre`.","name":"ValidatorError","path":"genre","properties":{"enumValues":["Science fiction","Satire","Drama","Action","Romance","Mystery","Horror"],"message":"`x` is not a valid enum value for path `genre`.","path":"genre","type":"enum","value":"x"},"value":"x"}},"message":"Book validation failed: genre: `x` is not a valid enum value for path `genre`.","name":"ValidationError"},"level":"error","message":"Error adding book","timestamp":"2024-02-05 22:15:43"}
{"error":{"code":51024,"codeName":"Location51024","ok":0},"level":"error","message":"Error fetching books","timestamp":"2024-02-06 14:16:45"}
{"error":{"code":51024,"codeName":"Location51024","ok":0},"level":"error","message":"Error fetching books","timestamp":"2024-02-06 14:16:45"}
{"error":{"code":51024,"codeName":"Location51024","ok":0},"level":"error","message":"Error fetching books","timestamp":"2024-02-06 14:17:24"}
{"error":{"code":51024,"codeName":"Location51024","ok":0},"level":"error","message":"Error fetching books","timestamp":"2024-02-06 14:17:24"}
{"error":{"code":51024,"codeName":"Location51024","ok":0},"level":"error","message":"Error searching for books","timestamp":"2024-02-06 14:17:48"}
{"error":{"code":51024,"codeName":"Location51024","ok":0},"level":"error","message":"Error fetching books","timestamp":"2024-02-06 14:17:48"}
{"error":{"code":51024,"codeName":"Location51024","ok":0},"level":"error","message":"Error searching for books","timestamp":"2024-02-06 14:17:48"}
{"error":{"code":51024,"codeName":"Location51024","ok":0},"level":"error","message":"Error fetching books","timestamp":"2024-02-06 14:17:48"}
{"error":{"code":51024,"codeName":"Location51024","ok":0},"level":"error","message":"Error searching for books","timestamp":"2024-02-06 14:52:34"}
{"error":{"code":51024,"codeName":"Location51024","ok":0},"level":"error","message":"Error searching for books","timestamp":"2024-02-06 14:52:38"}
{"error":{"code":51024,"codeName":"Location51024","ok":0},"level":"error","message":"Error searching for books","timestamp":"2024-02-06 14:52:39"}
{"error":{"code":51024,"codeName":"Location51024","ok":0},"level":"error","message":"Error searching for books","timestamp":"2024-02-06 14:52:47"}
{"error":{"code":51024,"codeName":"Location51024","ok":0},"level":"error","message":"Error searching for books","timestamp":"2024-02-06 14:53:25"}
{"error":{"code":51024,"codeName":"Location51024","ok":0},"level":"error","message":"Error fetching books","timestamp":"2024-02-06 14:53:45"}
{"error":{"code":51024,"codeName":"Location51024","ok":0},"level":"error","message":"Error searching for books","timestamp":"2024-02-06 14:53:58"}
{"error":{"kind":"ObjectId","message":"Cast to ObjectId failed for value \"undefined\" (type string) at path \"_id\" for model \"Book\"","name":"CastError","path":"_id","reason":{},"stringValue":"\"undefined\"","value":"undefined","valueType":"string"},"level":"error","message":"Error updating book","timestamp":"2024-02-06 17:03:09"}
{"error":{"kind":"ObjectId","message":"Cast to ObjectId failed for value \"undefined\" (type string) at path \"_id\" for model \"Book\"","name":"CastError","path":"_id","reason":{},"stringValue":"\"undefined\"","value":"undefined","valueType":"string"},"level":"error","message":"Error updating book","timestamp":"2024-02-06 17:03:12"}
{"error":{"kind":"ObjectId","message":"Cast to ObjectId failed for value \"undefined\" (type string) at path \"_id\" for model \"Book\"","name":"CastError","path":"_id","reason":{},"stringValue":"\"undefined\"","value":"undefined","valueType":"string"},"level":"error","message":"Error updating book","timestamp":"2024-02-06 17:03:52"}
{"error":{"kind":"ObjectId","message":"Cast to ObjectId failed for value \"undefined\" (type string) at path \"_id\" for model \"Book\"","name":"CastError","path":"_id","reason":{},"stringValue":"\"undefined\"","value":"undefined","valueType":"string"},"level":"error","message":"Error updating book","timestamp":"2024-02-06 17:03:57"}
{"error":{"kind":"ObjectId","message":"Cast to ObjectId failed for value \"undefined\" (type string) at path \"_id\" for model \"Book\"","name":"CastError","path":"_id","reason":{},"stringValue":"\"undefined\"","value":"undefined","valueType":"string"},"level":"error","message":"Error updating book","timestamp":"2024-02-06 17:05:36"}
{"error":{"kind":"ObjectId","message":"Cast to ObjectId failed for value \"undefined\" (type string) at path \"_id\" for model \"Book\"","name":"CastError","path":"_id","reason":{},"stringValue":"\"undefined\"","value":"undefined","valueType":"string"},"level":"error","message":"Error updating book","timestamp":"2024-02-06 17:05:39"}
